<?xml version="1.0" encoding="UTF-8"?>
<!-- Generated by org.testng.reporters.JUnitXMLReporter -->
<testsuite ignored="0" hostname="LAPTOP-INMNTR7E" failures="1" tests="1" name="Default test" time="96.936" errors="0" timestamp="2024-12-29T06:51:59 EST">
  <testcase classname="io.cucumber.testng.AbstractTestNGCucumberTests" name="runScenario" time="91.722">
    <failure type="java.lang.RuntimeException" message="See the reporter for details.">
      <![CDATA[java.lang.RuntimeException: See the reporter for details.
at com.framework.utils.Reporter.reportStep(Reporter.java:93)
at com.framework.utils.Reporter.reportStep(Reporter.java:108)
at com.framework.selenium.api.base.SeleniumBase.locateElement(SeleniumBase.java:603)
at com.leaftaps.pages.LoginPage.clickOnLogin(LoginPage.java:30)
at âœ½.Click on login button(file:///C:/Users/geeth/Downloads/Hybrid_Framework-master/src/main/java/features/F01_Login.feature:6)
]]>
    </failure>
  </testcase> <!-- runScenario -->
</testsuite> <!-- Default test -->
