<html>
<head>
<title>TestNG:  HybridTest</title>
<link href="../testng.css" rel="stylesheet" type="text/css" />
<link href="../my-testng.css" rel="stylesheet" type="text/css" />

<style type="text/css">
.log { display: none;} 
.stack-trace { display: none;} 
</style>
<script type="text/javascript">
<!--
function flip(e) {
  current = e.style.display;
  if (current == 'block') {
    e.style.display = 'none';
    return 0;
  }
  else {
    e.style.display = 'block';
    return 1;
  }
}

function toggleBox(szDivId, elem, msg1, msg2)
{
  var res = -1;  if (document.getElementById) {
    res = flip(document.getElementById(szDivId));
  }
  else if (document.all) {
    // this is the way old msie versions work
    res = flip(document.all[szDivId]);
  }
  if(elem) {
    if(res == 0) elem.innerHTML = msg1; else elem.innerHTML = msg2;
  }

}

function toggleAllBoxes() {
  if (document.getElementsByTagName) {
    d = document.getElementsByTagName('div');
    for (i = 0; i < d.length; i++) {
      if (d[i].className == 'log') {
        flip(d[i]);
      }
    }
  }
}

// -->
</script>

</head>
<body>
<h2 align='center'>HybridTest</h2><table border='1' align="center">
<tr>
<td>Tests passed/Failed/Skipped:</td><td>0/2/2</td>
</tr><tr>
<td>Started on:</td><td>Tue Dec 31 10:50:36 EST 2024</td>
</tr>
<tr><td>Total time:</td><td>193 seconds (193718 ms)</td>
</tr><tr>
<td>Included groups:</td><td></td>
</tr><tr>
<td>Excluded groups:</td><td></td>
</tr>
</table><p/>
<small><i>(Hover the method name to see the test class name)</i></small><p/>
<table width='100%' border='1' class='invocation-failed'>
<tr><td colspan='4' align='center'><b>FAILED TESTS</b></td></tr>
<tr><td><b>Test method</b></td>
<td width="30%"><b>Exception</b></td>
<td width="10%"><b>Time (seconds)</b></td>
<td><b>Instance</b></td>
</tr>
<tr>
<td title='com.leaftaps.testcases.TC001_VerifyLogin.runLogin()'><b>runLogin</b><br>Test class: com.leaftaps.testcases.TC001_VerifyLogin<br>Parameters: dilip@testleaf.com, leaf@2024</td>
<td><div><pre>java.lang.RuntimeException: See the reporter for details.
	at com.framework.utils.Reporter.reportStep(Reporter.java:93)
	at com.framework.utils.Reporter.reportStep(Reporter.java:108)
	at com.framework.selenium.api.base.SeleniumBase.locateElement(SeleniumBase.java:603)
	at com.leaftaps.pages.LoginPage.clickOnLogin(LoginPage.java:30)
	at com.leaftaps.testcases.TC001_VerifyLogin.runLogin(TC001_VerifyLogin.java:23)
	at java.base/jdk.internal.reflect.NativeMethodAccessorImpl.invoke0(Native Method)
	at java.base/jdk.internal.reflect.NativeMethodAccessorImpl.invoke(NativeMethodAccessorImpl.java:77)
	at java.base/jdk.internal.reflect.DelegatingMethodAccessorImpl.invoke(DelegatingMethodAccessorImpl.java:43)
	at java.base/java.lang.reflect.Method.invoke(Method.java:568)
	at org.testng.internal.MethodInvocationHelper.invokeMethod(MethodInvocationHelper.java:133)
	at org.testng.internal.TestInvoker.invokeMethod(TestInvoker.java:598)
	at org.testng.internal.TestInvoker.retryFailed(TestInvoker.java:213)
	at org.testng.internal.MethodRunner.runInSequence(MethodRunner.java:58)
	at org.testng.internal.TestInvoker$MethodInvocationAgent.invoke(TestInvoker.java:824)
	at org.testng.internal.TestInvoker.invokeTestMethods(TestInvoker.java:146)
	at org.testng.internal.TestMethodWorker.invokeTestMethods(TestMethodWorker.java:146)
	at org.testng.internal.TestMethodWorker.run(TestMethodWorker.java:128)
	at java.base/java.util.concurrent.ThreadPoolExecutor.runWorker(ThreadPoolExecutor.java:1136)
	at java.base/java.util.concurrent.ThreadPoolExecutor$Worker.run(ThreadPoolExecutor.java:635)
	at java.base/java.lang.Thread.run(Thread.java:842)
</pre></div><a href='#' onClick='toggleBox("stack-trace1917789527", this, "Click to show all stack frames", "Click to hide stack frames")'>Click to show all stack frames</a>
<div class='stack-trace' id='stack-trace1917789527'><pre>java.lang.RuntimeException: See the reporter for details.
	at com.framework.utils.Reporter.reportStep(Reporter.java:93)
	at com.framework.utils.Reporter.reportStep(Reporter.java:108)
	at com.framework.selenium.api.base.SeleniumBase.locateElement(SeleniumBase.java:603)
	at com.leaftaps.pages.LoginPage.clickOnLogin(LoginPage.java:30)
	at com.leaftaps.testcases.TC001_VerifyLogin.runLogin(TC001_VerifyLogin.java:23)
	at java.base/jdk.internal.reflect.NativeMethodAccessorImpl.invoke0(Native Method)
	at java.base/jdk.internal.reflect.NativeMethodAccessorImpl.invoke(NativeMethodAccessorImpl.java:77)
	at java.base/jdk.internal.reflect.DelegatingMethodAccessorImpl.invoke(DelegatingMethodAccessorImpl.java:43)
	at java.base/java.lang.reflect.Method.invoke(Method.java:568)
	at org.testng.internal.MethodInvocationHelper.invokeMethod(MethodInvocationHelper.java:133)
	at org.testng.internal.TestInvoker.invokeMethod(TestInvoker.java:598)
	at org.testng.internal.TestInvoker.retryFailed(TestInvoker.java:213)
	at org.testng.internal.MethodRunner.runInSequence(MethodRunner.java:58)
	at org.testng.internal.TestInvoker$MethodInvocationAgent.invoke(TestInvoker.java:824)
	at org.testng.internal.TestInvoker.invokeTestMethods(TestInvoker.java:146)
	at org.testng.internal.TestMethodWorker.invokeTestMethods(TestMethodWorker.java:146)
	at org.testng.internal.TestMethodWorker.run(TestMethodWorker.java:128)
	at java.base/java.util.concurrent.ThreadPoolExecutor.runWorker(ThreadPoolExecutor.java:1136)
	at java.base/java.util.concurrent.ThreadPoolExecutor$Worker.run(ThreadPoolExecutor.java:635)
	at java.base/java.lang.Thread.run(Thread.java:842)
</pre></div></td>
<td>92</td>
<td>com.leaftaps.testcases.TC001_VerifyLogin@1757cd72</td></tr>
<tr>
<td title='com.leaftaps.testcases.TC001_Login_Cucumber.runScenario()'><b>runScenario</b><br>Test class: com.leaftaps.testcases.TC001_Login_Cucumber<br>Test method: Runs Cucumber Scenarios<br>Parameters: "Login with positive data", "Login salesforce"</td>
<td><div><pre>java.lang.RuntimeException: See the reporter for details.
	at com.framework.utils.Reporter.reportStep(Reporter.java:93)
	at com.framework.utils.Reporter.reportStep(Reporter.java:108)
	at com.framework.selenium.api.base.SeleniumBase.locateElement(SeleniumBase.java:603)
	at com.leaftaps.pages.LoginPage.clickOnLogin(LoginPage.java:30)
	at ✽.Click on login button(file:///C:/Users/geeth/Downloads/Hybrid_Framework-master/src/main/java/features/F01_Login.feature:6)
</pre></div><a href='#' onClick='toggleBox("stack-trace1808309090", this, "Click to show all stack frames", "Click to hide stack frames")'>Click to show all stack frames</a>
<div class='stack-trace' id='stack-trace1808309090'><pre>java.lang.RuntimeException: See the reporter for details.
	at com.framework.utils.Reporter.reportStep(Reporter.java:93)
	at com.framework.utils.Reporter.reportStep(Reporter.java:108)
	at com.framework.selenium.api.base.SeleniumBase.locateElement(SeleniumBase.java:603)
	at com.leaftaps.pages.LoginPage.clickOnLogin(LoginPage.java:30)
	at ✽.Click on login button(file:///C:/Users/geeth/Downloads/Hybrid_Framework-master/src/main/java/features/F01_Login.feature:6)
</pre></div></td>
<td>92</td>
<td>com.leaftaps.testcases.TC001_Login_Cucumber@37271612</td></tr>
</table><p>
<table width='100%' border='1' class='invocation-skipped'>
<tr><td colspan='4' align='center'><b>SKIPPED TESTS</b></td></tr>
<tr><td><b>Test method</b></td>
<td width="30%"><b>Exception</b></td>
<td width="10%"><b>Time (seconds)</b></td>
<td><b>Instance</b></td>
</tr>
<tr>
<td title='com.leaftaps.testcases.TC001_VerifyLogin.runLogin()'><b>runLogin</b><br>Test class: com.leaftaps.testcases.TC001_VerifyLogin<br>Parameters: dilip@testleaf.com, leaf@2024</td>
<td><div><pre>java.lang.RuntimeException: See the reporter for details.
	at com.framework.utils.Reporter.reportStep(Reporter.java:93)
	at com.framework.utils.Reporter.reportStep(Reporter.java:108)
	at com.framework.selenium.api.base.SeleniumBase.locateElement(SeleniumBase.java:603)
	at com.leaftaps.pages.LoginPage.clickOnLogin(LoginPage.java:30)
	at com.leaftaps.testcases.TC001_VerifyLogin.runLogin(TC001_VerifyLogin.java:23)
	at java.base/jdk.internal.reflect.NativeMethodAccessorImpl.invoke0(Native Method)
	at java.base/jdk.internal.reflect.NativeMethodAccessorImpl.invoke(NativeMethodAccessorImpl.java:77)
	at java.base/jdk.internal.reflect.DelegatingMethodAccessorImpl.invoke(DelegatingMethodAccessorImpl.java:43)
	at java.base/java.lang.reflect.Method.invoke(Method.java:568)
	at org.testng.internal.MethodInvocationHelper.invokeMethod(MethodInvocationHelper.java:133)
	at org.testng.internal.TestInvoker.invokeMethod(TestInvoker.java:598)
	at org.testng.internal.TestInvoker.invokeTestMethod(TestInvoker.java:173)
	at org.testng.internal.MethodRunner.runInSequence(MethodRunner.java:46)
	at org.testng.internal.TestInvoker$MethodInvocationAgent.invoke(TestInvoker.java:824)
	at org.testng.internal.TestInvoker.invokeTestMethods(TestInvoker.java:146)
	at org.testng.internal.TestMethodWorker.invokeTestMethods(TestMethodWorker.java:146)
	at org.testng.internal.TestMethodWorker.run(TestMethodWorker.java:128)
	at java.base/java.util.concurrent.ThreadPoolExecutor.runWorker(ThreadPoolExecutor.java:1136)
	at java.base/java.util.concurrent.ThreadPoolExecutor$Worker.run(ThreadPoolExecutor.java:635)
	at java.base/java.lang.Thread.run(Thread.java:842)
</pre></div><a href='#' onClick='toggleBox("stack-trace1661486809", this, "Click to show all stack frames", "Click to hide stack frames")'>Click to show all stack frames</a>
<div class='stack-trace' id='stack-trace1661486809'><pre>java.lang.RuntimeException: See the reporter for details.
	at com.framework.utils.Reporter.reportStep(Reporter.java:93)
	at com.framework.utils.Reporter.reportStep(Reporter.java:108)
	at com.framework.selenium.api.base.SeleniumBase.locateElement(SeleniumBase.java:603)
	at com.leaftaps.pages.LoginPage.clickOnLogin(LoginPage.java:30)
	at com.leaftaps.testcases.TC001_VerifyLogin.runLogin(TC001_VerifyLogin.java:23)
	at java.base/jdk.internal.reflect.NativeMethodAccessorImpl.invoke0(Native Method)
	at java.base/jdk.internal.reflect.NativeMethodAccessorImpl.invoke(NativeMethodAccessorImpl.java:77)
	at java.base/jdk.internal.reflect.DelegatingMethodAccessorImpl.invoke(DelegatingMethodAccessorImpl.java:43)
	at java.base/java.lang.reflect.Method.invoke(Method.java:568)
	at org.testng.internal.MethodInvocationHelper.invokeMethod(MethodInvocationHelper.java:133)
	at org.testng.internal.TestInvoker.invokeMethod(TestInvoker.java:598)
	at org.testng.internal.TestInvoker.invokeTestMethod(TestInvoker.java:173)
	at org.testng.internal.MethodRunner.runInSequence(MethodRunner.java:46)
	at org.testng.internal.TestInvoker$MethodInvocationAgent.invoke(TestInvoker.java:824)
	at org.testng.internal.TestInvoker.invokeTestMethods(TestInvoker.java:146)
	at org.testng.internal.TestMethodWorker.invokeTestMethods(TestMethodWorker.java:146)
	at org.testng.internal.TestMethodWorker.run(TestMethodWorker.java:128)
	at java.base/java.util.concurrent.ThreadPoolExecutor.runWorker(ThreadPoolExecutor.java:1136)
	at java.base/java.util.concurrent.ThreadPoolExecutor$Worker.run(ThreadPoolExecutor.java:635)
	at java.base/java.lang.Thread.run(Thread.java:842)
</pre></div></td>
<td>92</td>
<td>com.leaftaps.testcases.TC001_VerifyLogin@1757cd72</td></tr>
<tr>
<td title='com.leaftaps.testcases.TC001_Login_Cucumber.runScenario()'><b>runScenario</b><br>Test class: com.leaftaps.testcases.TC001_Login_Cucumber<br>Test method: Runs Cucumber Scenarios<br>Parameters: "Login with positive data", "Login salesforce"</td>
<td><div><pre>java.lang.RuntimeException: See the reporter for details.
	at com.framework.utils.Reporter.reportStep(Reporter.java:93)
	at com.framework.utils.Reporter.reportStep(Reporter.java:108)
	at com.framework.selenium.api.base.SeleniumBase.locateElement(SeleniumBase.java:603)
	at com.leaftaps.pages.LoginPage.clickOnLogin(LoginPage.java:30)
	at ✽.Click on login button(file:///C:/Users/geeth/Downloads/Hybrid_Framework-master/src/main/java/features/F01_Login.feature:6)
</pre></div><a href='#' onClick='toggleBox("stack-trace685127572", this, "Click to show all stack frames", "Click to hide stack frames")'>Click to show all stack frames</a>
<div class='stack-trace' id='stack-trace685127572'><pre>java.lang.RuntimeException: See the reporter for details.
	at com.framework.utils.Reporter.reportStep(Reporter.java:93)
	at com.framework.utils.Reporter.reportStep(Reporter.java:108)
	at com.framework.selenium.api.base.SeleniumBase.locateElement(SeleniumBase.java:603)
	at com.leaftaps.pages.LoginPage.clickOnLogin(LoginPage.java:30)
	at ✽.Click on login button(file:///C:/Users/geeth/Downloads/Hybrid_Framework-master/src/main/java/features/F01_Login.feature:6)
</pre></div></td>
<td>92</td>
<td>com.leaftaps.testcases.TC001_Login_Cucumber@37271612</td></tr>
</table><p>
</body>
</html>