<?xml version="1.0" encoding="UTF-8"?>
<!-- Generated by org.testng.reporters.JUnitReportReporter -->
<testsuite hostname="LAPTOP-INMNTR7E" failures="0" tests="2" name="com.leaftaps.testcases.TC001_Login_Cucumber" time="191.713" errors="1" timestamp="2024-12-31T10:53:50 EST" skipped="1">
  <testcase classname="com.leaftaps.testcases.TC001_Login_Cucumber" name="runScenario" time="96.674">
    <skipped/>
  </testcase> <!-- runScenario -->
  <system-out/>
  <testcase classname="com.leaftaps.testcases.TC001_Login_Cucumber" name="runScenario" time="95.039">
    <error message="See the reporter for details." type="java.lang.RuntimeException">
      <![CDATA[java.lang.RuntimeException: See the reporter for details.
at com.framework.utils.Reporter.reportStep(Reporter.java:93)
at com.framework.utils.Reporter.reportStep(Reporter.java:108)
at com.framework.selenium.api.base.SeleniumBase.locateElement(SeleniumBase.java:603)
at com.leaftaps.pages.LoginPage.clickOnLogin(LoginPage.java:30)
at âœ½.Click on login button(file:///C:/Users/geeth/Downloads/Hybrid_Framework-master/src/main/java/features/F01_Login.feature:6)
]]>
    </error>
  </testcase> <!-- runScenario -->
  <system-out/>
</testsuite> <!-- com.leaftaps.testcases.TC001_Login_Cucumber -->
